Namespace(K=5, acc_loss='acc', aggr_gpu=-1, alpha=0.5, attn_drop=0.4, avoid_features=False, batch_size=140, chunks=1, data_dir='/home/data/pyg/', dataset='cora', dropout=0.5, emb_path='/home/scx/NARS/', epoch_setting=[1000], eval_batch_size=100000, eval_every=10, example_subsets_path='/home/scx/NARS/sample_relation_subsets/examples', fixed_subsets=False, focal='first', gpu=0, inductive=False, input_drop=0.4, label_K=9, label_drop=0.5, label_mlp_layer=4, label_residual=False, load_embs=False, load_label_emb=False, lr=0.01, mag_emb=False, memory_efficient=False, mlp_layer=2, model='xnor_case1_sagn', num_heads=1, num_hidden=64, num_runs=10, position_emb=False, pretrain_model='ComplEx', probs_dir='../intermediate_outputs', sample_size=8, seed=0, threshold=[0.9], use_labels=False, use_norm=True, warmup_stage=-1, weight_decay=0.0, weight_style='attention', zero_inits=False)
----------------------------------------------------------------------------------------------------
Run 0 start training
----------------------------------------------------------------------------------------------------
Stage 0 start training
  NumNodes: 2708
  NumEdges: 10556
  NumFeats: 1433
  NumClasses: 7
  NumTrainingSamples: 140
  NumValidationSamples: 500
  NumTestSamples: 1000
Done loading data from cached files.
# Nodes: 2708
# Edges: 13264
# Train: 140
# Val: 500
# Test: 1000
# Classes: 7
in_feats: 1433
Compute neighbor-averaged feats all
Preprocessing costs 3.4916 s
# Params: 673998
LR: 1.000e-02/ Epoch 10, Time(s): 0.0275 0.0413, Best Val loss: 2.0067, Accs: Train: 0.1786, Val: 0.1680, Test: 0.1480, Best Val: 0.1680, Best Test: 0.1480
LR: 1.000e-02/ Epoch 20, Time(s): 0.0422 0.0272, Best Val loss: 2.0067, Accs: Train: 0.1714, Val: 0.1240, Test: 0.1150, Best Val: 0.1680, Best Test: 0.1480
LR: 1.000e-02/ Epoch 30, Time(s): 0.0264 0.0292, Best Val loss: 1.9387, Accs: Train: 0.1786, Val: 0.2200, Test: 0.2010, Best Val: 0.2200, Best Test: 0.2010
LR: 1.000e-02/ Epoch 40, Time(s): 0.0261 0.0265, Best Val loss: 1.9387, Accs: Train: 0.3000, Val: 0.2100, Test: 0.1810, Best Val: 0.2200, Best Test: 0.2010
LR: 1.000e-02/ Epoch 50, Time(s): 0.0406 0.0287, Best Val loss: 2.1304, Accs: Train: 0.4643, Val: 0.2340, Test: 0.2030, Best Val: 0.2340, Best Test: 0.2030
LR: 1.000e-02/ Epoch 60, Time(s): 0.0419 0.0372, Best Val loss: 1.7851, Accs: Train: 0.6214, Val: 0.3040, Test: 0.2950, Best Val: 0.3040, Best Test: 0.2950
LR: 1.000e-02/ Epoch 70, Time(s): 0.0517 0.0271, Best Val loss: 1.9203, Accs: Train: 0.6071, Val: 0.3340, Test: 0.3160, Best Val: 0.3340, Best Test: 0.3160
LR: 1.000e-02/ Epoch 80, Time(s): 0.0252 0.0377, Best Val loss: 1.7236, Accs: Train: 0.7357, Val: 0.3600, Test: 0.3700, Best Val: 0.3600, Best Test: 0.3700
LR: 1.000e-02/ Epoch 90, Time(s): 0.0407 0.0266, Best Val loss: 1.6173, Accs: Train: 0.8000, Val: 0.4960, Test: 0.4580, Best Val: 0.4960, Best Test: 0.4580
LR: 1.000e-02/ Epoch 100, Time(s): 0.0312 0.0267, Best Val loss: 1.7642, Accs: Train: 0.8500, Val: 0.5400, Test: 0.4860, Best Val: 0.5400, Best Test: 0.4860
LR: 1.000e-02/ Epoch 110, Time(s): 0.0266 0.0268, Best Val loss: 1.7642, Accs: Train: 0.8429, Val: 0.5120, Test: 0.4720, Best Val: 0.5400, Best Test: 0.4860
LR: 1.000e-02/ Epoch 120, Time(s): 0.0293 0.0268, Best Val loss: 1.7665, Accs: Train: 0.9500, Val: 0.5440, Test: 0.5230, Best Val: 0.5440, Best Test: 0.5230
LR: 1.000e-02/ Epoch 130, Time(s): 0.0263 0.0352, Best Val loss: 2.0131, Accs: Train: 0.9571, Val: 0.5620, Test: 0.5330, Best Val: 0.5620, Best Test: 0.5330
LR: 1.000e-02/ Epoch 140, Time(s): 0.0269 0.0276, Best Val loss: 1.8064, Accs: Train: 0.9929, Val: 0.5980, Test: 0.5700, Best Val: 0.5980, Best Test: 0.5700
LR: 1.000e-02/ Epoch 150, Time(s): 0.0300 0.0337, Best Val loss: 1.8064, Accs: Train: 1.0000, Val: 0.5760, Test: 0.5480, Best Val: 0.5980, Best Test: 0.5700
LR: 1.000e-02/ Epoch 160, Time(s): 0.0260 0.0272, Best Val loss: 1.8064, Accs: Train: 0.9857, Val: 0.5900, Test: 0.5790, Best Val: 0.5980, Best Test: 0.5700
LR: 1.000e-02/ Epoch 170, Time(s): 0.0259 0.0268, Best Val loss: 1.8064, Accs: Train: 0.9929, Val: 0.5780, Test: 0.5680, Best Val: 0.5980, Best Test: 0.5700
LR: 1.000e-02/ Epoch 180, Time(s): 0.0347 0.0263, Best Val loss: 1.8064, Accs: Train: 1.0000, Val: 0.5900, Test: 0.5680, Best Val: 0.5980, Best Test: 0.5700
LR: 1.000e-02/ Epoch 190, Time(s): 0.0266 0.0262, Best Val loss: 1.8064, Accs: Train: 1.0000, Val: 0.5800, Test: 0.5600, Best Val: 0.5980, Best Test: 0.5700
LR: 1.000e-02/ Epoch 200, Time(s): 0.0326 0.0276, Best Val loss: 1.8064, Accs: Train: 1.0000, Val: 0.5980, Test: 0.5590, Best Val: 0.5980, Best Test: 0.5700
LR: 1.000e-02/ Epoch 210, Time(s): 0.0432 0.0265, Best Val loss: 1.8064, Accs: Train: 1.0000, Val: 0.5780, Test: 0.5790, Best Val: 0.5980, Best Test: 0.5700
LR: 1.000e-02/ Epoch 220, Time(s): 0.0625 0.0269, Best Val loss: 1.8064, Accs: Train: 1.0000, Val: 0.5860, Test: 0.5690, Best Val: 0.5980, Best Test: 0.5700
LR: 1.000e-02/ Epoch 230, Time(s): 0.0263 0.0279, Best Val loss: 3.0553, Accs: Train: 1.0000, Val: 0.6080, Test: 0.5940, Best Val: 0.6080, Best Test: 0.5940
LR: 1.000e-02/ Epoch 240, Time(s): 0.0261 0.0281, Best Val loss: 2.8661, Accs: Train: 1.0000, Val: 0.6380, Test: 0.6130, Best Val: 0.6380, Best Test: 0.6130
LR: 1.000e-02/ Epoch 250, Time(s): 0.0263 0.0315, Best Val loss: 2.8661, Accs: Train: 1.0000, Val: 0.6380, Test: 0.6030, Best Val: 0.6380, Best Test: 0.6130
LR: 1.000e-02/ Epoch 260, Time(s): 0.0275 0.0263, Best Val loss: 2.8661, Accs: Train: 1.0000, Val: 0.6160, Test: 0.5940, Best Val: 0.6380, Best Test: 0.6130
LR: 1.000e-02/ Epoch 270, Time(s): 0.0266 0.0279, Best Val loss: 3.2524, Accs: Train: 1.0000, Val: 0.6400, Test: 0.6010, Best Val: 0.6400, Best Test: 0.6010
LR: 1.000e-02/ Epoch 280, Time(s): 0.0261 0.0288, Best Val loss: 3.2524, Accs: Train: 1.0000, Val: 0.6280, Test: 0.5900, Best Val: 0.6400, Best Test: 0.6010
LR: 1.000e-02/ Epoch 290, Time(s): 0.0263 0.0270, Best Val loss: 3.2524, Accs: Train: 0.9929, Val: 0.6200, Test: 0.5980, Best Val: 0.6400, Best Test: 0.6010
LR: 1.000e-02/ Epoch 300, Time(s): 0.0270 0.0317, Best Val loss: 3.2524, Accs: Train: 0.9929, Val: 0.6260, Test: 0.6050, Best Val: 0.6400, Best Test: 0.6010
LR: 1.000e-02/ Epoch 310, Time(s): 0.0266 0.0274, Best Val loss: 3.2524, Accs: Train: 1.0000, Val: 0.6140, Test: 0.6170, Best Val: 0.6400, Best Test: 0.6010
LR: 1.000e-02/ Epoch 320, Time(s): 0.0263 0.0289, Best Val loss: 3.2524, Accs: Train: 0.9929, Val: 0.6100, Test: 0.6080, Best Val: 0.6400, Best Test: 0.6010
LR: 1.000e-02/ Epoch 330, Time(s): 0.0531 0.0281, Best Val loss: 3.2524, Accs: Train: 1.0000, Val: 0.5880, Test: 0.6040, Best Val: 0.6400, Best Test: 0.6010
LR: 1.000e-02/ Epoch 340, Time(s): 0.0270 0.0268, Best Val loss: 3.2524, Accs: Train: 1.0000, Val: 0.6100, Test: 0.5790, Best Val: 0.6400, Best Test: 0.6010
LR: 1.000e-02/ Epoch 350, Time(s): 0.0333 0.0273, Best Val loss: 3.2524, Accs: Train: 1.0000, Val: 0.6140, Test: 0.5680, Best Val: 0.6400, Best Test: 0.6010
LR: 1.000e-02/ Epoch 360, Time(s): 0.0450 0.0256, Best Val loss: 3.2524, Accs: Train: 1.0000, Val: 0.6220, Test: 0.5830, Best Val: 0.6400, Best Test: 0.6010
LR: 1.000e-02/ Epoch 370, Time(s): 0.0264 0.0288, Best Val loss: 3.2524, Accs: Train: 1.0000, Val: 0.6180, Test: 0.5590, Best Val: 0.6400, Best Test: 0.6010
LR: 1.000e-02/ Epoch 380, Time(s): 0.0267 0.0265, Best Val loss: 3.2524, Accs: Train: 1.0000, Val: 0.5980, Test: 0.5630, Best Val: 0.6400, Best Test: 0.6010
LR: 1.000e-02/ Epoch 390, Time(s): 0.0273 0.0281, Best Val loss: 3.2524, Accs: Train: 1.0000, Val: 0.6200, Test: 0.5560, Best Val: 0.6400, Best Test: 0.6010
LR: 1.000e-03/ Epoch 400, Time(s): 0.0264 0.0263, Best Val loss: 3.2524, Accs: Train: 1.0000, Val: 0.5980, Test: 0.5650, Best Val: 0.6400, Best Test: 0.6010
LR: 1.000e-03/ Epoch 410, Time(s): 0.0260 0.0275, Best Val loss: 3.2524, Accs: Train: 1.0000, Val: 0.5960, Test: 0.5620, Best Val: 0.6400, Best Test: 0.6010
LR: 1.000e-03/ Epoch 420, Time(s): 0.0474 0.0269, Best Val loss: 3.2524, Accs: Train: 1.0000, Val: 0.5980, Test: 0.5770, Best Val: 0.6400, Best Test: 0.6010
LR: 1.000e-03/ Epoch 430, Time(s): 0.0455 0.0273, Best Val loss: 3.2524, Accs: Train: 1.0000, Val: 0.6140, Test: 0.5760, Best Val: 0.6400, Best Test: 0.6010
LR: 1.000e-03/ Epoch 440, Time(s): 0.0280 0.0262, Best Val loss: 3.2524, Accs: Train: 1.0000, Val: 0.6060, Test: 0.5820, Best Val: 0.6400, Best Test: 0.6010
LR: 1.000e-03/ Epoch 450, Time(s): 0.0297 0.0266, Best Val loss: 3.2524, Accs: Train: 1.0000, Val: 0.6180, Test: 0.5880, Best Val: 0.6400, Best Test: 0.6010
LR: 1.000e-03/ Epoch 460, Time(s): 0.0408 0.0276, Best Val loss: 3.2524, Accs: Train: 0.9929, Val: 0.6140, Test: 0.5760, Best Val: 0.6400, Best Test: 0.6010
LR: 1.000e-03/ Epoch 470, Time(s): 0.0281 0.0291, Best Val loss: 3.2524, Accs: Train: 1.0000, Val: 0.6040, Test: 0.5890, Best Val: 0.6400, Best Test: 0.6010
LR: 1.000e-03/ Epoch 480, Time(s): 0.0294 0.0265, Best Val loss: 3.2524, Accs: Train: 1.0000, Val: 0.6000, Test: 0.5690, Best Val: 0.6400, Best Test: 0.6010
LR: 1.000e-03/ Epoch 490, Time(s): 0.0288 0.0274, Best Val loss: 3.2524, Accs: Train: 0.9929, Val: 0.6020, Test: 0.5670, Best Val: 0.6400, Best Test: 0.6010
LR: 1.000e-03/ Epoch 500, Time(s): 0.0281 0.0282, Best Val loss: 3.2524, Accs: Train: 0.9929, Val: 0.5980, Test: 0.5710, Best Val: 0.6400, Best Test: 0.6010
LR: 1.000e-03/ Epoch 510, Time(s): 0.0265 0.0264, Best Val loss: 3.2524, Accs: Train: 0.9929, Val: 0.6040, Test: 0.5780, Best Val: 0.6400, Best Test: 0.6010
LR: 1.000e-03/ Epoch 520, Time(s): 0.0461 0.0297, Best Val loss: 3.2524, Accs: Train: 0.9929, Val: 0.6160, Test: 0.5760, Best Val: 0.6400, Best Test: 0.6010
LR: 1.000e-03/ Epoch 530, Time(s): 0.0301 0.0272, Best Val loss: 3.2524, Accs: Train: 1.0000, Val: 0.5980, Test: 0.5720, Best Val: 0.6400, Best Test: 0.6010
LR: 1.000e-03/ Epoch 540, Time(s): 0.0353 0.0276, Best Val loss: 3.2524, Accs: Train: 1.0000, Val: 0.6000, Test: 0.5650, Best Val: 0.6400, Best Test: 0.6010
LR: 1.000e-03/ Epoch 550, Time(s): 0.0281 0.0267, Best Val loss: 3.2524, Accs: Train: 1.0000, Val: 0.6080, Test: 0.5670, Best Val: 0.6400, Best Test: 0.6010
LR: 1.000e-03/ Epoch 560, Time(s): 0.0521 0.0262, Best Val loss: 3.2524, Accs: Train: 1.0000, Val: 0.5940, Test: 0.5760, Best Val: 0.6400, Best Test: 0.6010
LR: 1.000e-03/ Epoch 570, Time(s): 0.0266 0.0270, Best Val loss: 3.2524, Accs: Train: 1.0000, Val: 0.6060, Test: 0.5750, Best Val: 0.6400, Best Test: 0.6010
LR: 1.000e-03/ Epoch 580, Time(s): 0.0263 0.0271, Best Val loss: 3.2524, Accs: Train: 1.0000, Val: 0.6100, Test: 0.5740, Best Val: 0.6400, Best Test: 0.6010
LR: 1.000e-03/ Epoch 590, Time(s): 0.0295 0.0263, Best Val loss: 3.2524, Accs: Train: 1.0000, Val: 0.5960, Test: 0.5820, Best Val: 0.6400, Best Test: 0.6010
LR: 1.000e-03/ Epoch 600, Time(s): 0.0392 0.0273, Best Val loss: 3.2524, Accs: Train: 1.0000, Val: 0.6080, Test: 0.5750, Best Val: 0.6400, Best Test: 0.6010
LR: 1.000e-03/ Epoch 610, Time(s): 0.0296 0.0261, Best Val loss: 3.2524, Accs: Train: 1.0000, Val: 0.5900, Test: 0.5860, Best Val: 0.6400, Best Test: 0.6010
LR: 1.000e-03/ Epoch 620, Time(s): 0.0321 0.0628, Best Val loss: 3.2524, Accs: Train: 1.0000, Val: 0.5900, Test: 0.5790, Best Val: 0.6400, Best Test: 0.6010
LR: 1.000e-03/ Epoch 630, Time(s): 0.0392 0.0241, Best Val loss: 3.2524, Accs: Train: 1.0000, Val: 0.6080, Test: 0.5940, Best Val: 0.6400, Best Test: 0.6010
LR: 1.000e-03/ Epoch 640, Time(s): 0.1218 0.0277, Best Val loss: 3.2524, Accs: Train: 1.0000, Val: 0.6300, Test: 0.5860, Best Val: 0.6400, Best Test: 0.6010
LR: 1.000e-03/ Epoch 650, Time(s): 0.0338 0.0286, Best Val loss: 3.2524, Accs: Train: 1.0000, Val: 0.6220, Test: 0.5850, Best Val: 0.6400, Best Test: 0.6010
LR: 1.000e-03/ Epoch 660, Time(s): 0.0339 0.0269, Best Val loss: 3.2524, Accs: Train: 1.0000, Val: 0.6160, Test: 0.6030, Best Val: 0.6400, Best Test: 0.6010
LR: 1.000e-03/ Epoch 670, Time(s): 0.0459 0.0261, Best Val loss: 3.2524, Accs: Train: 1.0000, Val: 0.6240, Test: 0.6060, Best Val: 0.6400, Best Test: 0.6010
LR: 1.000e-03/ Epoch 680, Time(s): 0.0265 0.0271, Best Val loss: 3.2524, Accs: Train: 1.0000, Val: 0.6120, Test: 0.5930, Best Val: 0.6400, Best Test: 0.6010
LR: 1.000e-03/ Epoch 690, Time(s): 0.0274 0.0288, Best Val loss: 3.2524, Accs: Train: 1.0000, Val: 0.6100, Test: 0.6010, Best Val: 0.6400, Best Test: 0.6010
LR: 1.000e-03/ Epoch 700, Time(s): 0.0732 0.0257, Best Val loss: 3.2524, Accs: Train: 1.0000, Val: 0.6000, Test: 0.5970, Best Val: 0.6400, Best Test: 0.6010
LR: 1.000e-03/ Epoch 710, Time(s): 0.0323 0.0269, Best Val loss: 3.2524, Accs: Train: 1.0000, Val: 0.6000, Test: 0.6000, Best Val: 0.6400, Best Test: 0.6010
LR: 1.000e-03/ Epoch 720, Time(s): 0.0365 0.0392, Best Val loss: 3.2524, Accs: Train: 1.0000, Val: 0.6040, Test: 0.6000, Best Val: 0.6400, Best Test: 0.6010
LR: 1.000e-03/ Epoch 730, Time(s): 0.0289 0.0277, Best Val loss: 3.2524, Accs: Train: 1.0000, Val: 0.6020, Test: 0.6140, Best Val: 0.6400, Best Test: 0.6010
LR: 1.000e-03/ Epoch 740, Time(s): 0.0301 0.0246, Best Val loss: 3.2524, Accs: Train: 1.0000, Val: 0.6180, Test: 0.6060, Best Val: 0.6400, Best Test: 0.6010
LR: 1.000e-03/ Epoch 750, Time(s): 0.0614 0.0311, Best Val loss: 3.2524, Accs: Train: 0.9929, Val: 0.6140, Test: 0.5980, Best Val: 0.6400, Best Test: 0.6010
LR: 1.000e-03/ Epoch 760, Time(s): 0.0270 0.0268, Best Val loss: 3.2524, Accs: Train: 0.9929, Val: 0.5940, Test: 0.5950, Best Val: 0.6400, Best Test: 0.6010
LR: 1.000e-03/ Epoch 770, Time(s): 0.0263 0.0268, Best Val loss: 3.2524, Accs: Train: 0.9929, Val: 0.5960, Test: 0.5960, Best Val: 0.6400, Best Test: 0.6010
LR: 1.000e-03/ Epoch 780, Time(s): 0.0297 0.0242, Best Val loss: 3.2524, Accs: Train: 0.9929, Val: 0.6120, Test: 0.6010, Best Val: 0.6400, Best Test: 0.6010
LR: 1.000e-03/ Epoch 790, Time(s): 0.0359 0.0237, Best Val loss: 3.2524, Accs: Train: 0.9929, Val: 0.6140, Test: 0.5990, Best Val: 0.6400, Best Test: 0.6010
LR: 1.000e-04/ Epoch 800, Time(s): 0.0460 0.0249, Best Val loss: 3.2524, Accs: Train: 1.0000, Val: 0.6220, Test: 0.5970, Best Val: 0.6400, Best Test: 0.6010
LR: 1.000e-04/ Epoch 810, Time(s): 0.0333 0.0218, Best Val loss: 3.2524, Accs: Train: 1.0000, Val: 0.6200, Test: 0.5970, Best Val: 0.6400, Best Test: 0.6010
LR: 1.000e-04/ Epoch 820, Time(s): 0.0360 0.0298, Best Val loss: 3.2524, Accs: Train: 1.0000, Val: 0.6220, Test: 0.5970, Best Val: 0.6400, Best Test: 0.6010
LR: 1.000e-04/ Epoch 830, Time(s): 0.0269 0.0287, Best Val loss: 3.2524, Accs: Train: 1.0000, Val: 0.6240, Test: 0.5900, Best Val: 0.6400, Best Test: 0.6010
LR: 1.000e-04/ Epoch 840, Time(s): 0.0273 0.0286, Best Val loss: 3.2524, Accs: Train: 1.0000, Val: 0.6200, Test: 0.5950, Best Val: 0.6400, Best Test: 0.6010
LR: 1.000e-04/ Epoch 850, Time(s): 0.0287 0.0229, Best Val loss: 3.2524, Accs: Train: 1.0000, Val: 0.6180, Test: 0.6020, Best Val: 0.6400, Best Test: 0.6010
LR: 1.000e-04/ Epoch 860, Time(s): 0.0353 0.0380, Best Val loss: 3.2524, Accs: Train: 1.0000, Val: 0.6160, Test: 0.6010, Best Val: 0.6400, Best Test: 0.6010
LR: 1.000e-04/ Epoch 870, Time(s): 0.0335 0.0360, Best Val loss: 3.2524, Accs: Train: 1.0000, Val: 0.6220, Test: 0.5990, Best Val: 0.6400, Best Test: 0.6010
LR: 1.000e-04/ Epoch 880, Time(s): 0.0267 0.0315, Best Val loss: 3.2524, Accs: Train: 1.0000, Val: 0.6120, Test: 0.5930, Best Val: 0.6400, Best Test: 0.6010
LR: 1.000e-04/ Epoch 890, Time(s): 0.0289 0.0265, Best Val loss: 3.2524, Accs: Train: 1.0000, Val: 0.6060, Test: 0.5950, Best Val: 0.6400, Best Test: 0.6010
LR: 1.000e-04/ Epoch 900, Time(s): 0.0270 0.0284, Best Val loss: 3.2524, Accs: Train: 1.0000, Val: 0.6080, Test: 0.5880, Best Val: 0.6400, Best Test: 0.6010
LR: 1.000e-04/ Epoch 910, Time(s): 0.0328 0.0265, Best Val loss: 3.2524, Accs: Train: 1.0000, Val: 0.6120, Test: 0.5920, Best Val: 0.6400, Best Test: 0.6010
LR: 1.000e-04/ Epoch 920, Time(s): 0.0263 0.0256, Best Val loss: 3.2524, Accs: Train: 1.0000, Val: 0.6160, Test: 0.6000, Best Val: 0.6400, Best Test: 0.6010
LR: 1.000e-04/ Epoch 930, Time(s): 0.0267 0.0278, Best Val loss: 3.2524, Accs: Train: 1.0000, Val: 0.6140, Test: 0.6030, Best Val: 0.6400, Best Test: 0.6010
LR: 1.000e-04/ Epoch 940, Time(s): 0.0506 0.0285, Best Val loss: 3.2524, Accs: Train: 1.0000, Val: 0.6200, Test: 0.6030, Best Val: 0.6400, Best Test: 0.6010
LR: 1.000e-04/ Epoch 950, Time(s): 0.0264 0.0270, Best Val loss: 3.2524, Accs: Train: 1.0000, Val: 0.6100, Test: 0.6010, Best Val: 0.6400, Best Test: 0.6010
LR: 1.000e-04/ Epoch 960, Time(s): 0.0314 0.0440, Best Val loss: 3.2524, Accs: Train: 1.0000, Val: 0.6180, Test: 0.5950, Best Val: 0.6400, Best Test: 0.6010
LR: 1.000e-04/ Epoch 970, Time(s): 0.0287 0.0256, Best Val loss: 3.2524, Accs: Train: 1.0000, Val: 0.6120, Test: 0.5980, Best Val: 0.6400, Best Test: 0.6010
LR: 1.000e-04/ Epoch 980, Time(s): 0.0342 0.0226, Best Val loss: 3.2524, Accs: Train: 1.0000, Val: 0.6140, Test: 0.5980, Best Val: 0.6400, Best Test: 0.6010
LR: 1.000e-04/ Epoch 990, Time(s): 0.0303 0.0270, Best Val loss: 3.2524, Accs: Train: 1.0000, Val: 0.6160, Test: 0.6010, Best Val: 0.6400, Best Test: 0.6010
LR: 1.000e-04/ Epoch 1000, Time(s): 0.0264 0.0289, Best Val loss: 3.2524, Accs: Train: 1.0000, Val: 0.6140, Test: 0.6010, Best Val: 0.6400, Best Test: 0.6010
Stage: 0, Best Epoch 270, Val 0.6400, Test 0.6010
----------------------------------------------------------------------------------------------------
Run 1 start training
----------------------------------------------------------------------------------------------------
Stage 0 start training
  NumNodes: 2708
  NumEdges: 10556
  NumFeats: 1433
  NumClasses: 7
  NumTrainingSamples: 140
  NumValidationSamples: 500
  NumTestSamples: 1000
Done loading data from cached files.
# Nodes: 2708
# Edges: 13264
# Train: 140
# Val: 500
# Test: 1000
# Classes: 7
in_feats: 1433
Compute neighbor-averaged feats all
Preprocessing costs 0.3251 s
# Params: 673998
LR: 1.000e-02/ Epoch 10, Time(s): 0.0305 0.0281, Best Val loss: 2.0684, Accs: Train: 0.2143, Val: 0.2120, Test: 0.2400, Best Val: 0.2120, Best Test: 0.2400
LR: 1.000e-02/ Epoch 20, Time(s): 0.0365 0.0263, Best Val loss: 1.8436, Accs: Train: 0.2929, Val: 0.2900, Test: 0.2450, Best Val: 0.2900, Best Test: 0.2450
LR: 1.000e-02/ Epoch 30, Time(s): 0.0352 0.0407, Best Val loss: 1.8436, Accs: Train: 0.3786, Val: 0.2560, Test: 0.2450, Best Val: 0.2900, Best Test: 0.2450
LR: 1.000e-02/ Epoch 40, Time(s): 0.0360 0.0275, Best Val loss: 1.7449, Accs: Train: 0.4857, Val: 0.3060, Test: 0.2890, Best Val: 0.3060, Best Test: 0.2890
LR: 1.000e-02/ Epoch 50, Time(s): 0.0371 0.0282, Best Val loss: 1.6519, Accs: Train: 0.6571, Val: 0.3460, Test: 0.3440, Best Val: 0.3460, Best Test: 0.3440
LR: 1.000e-02/ Epoch 60, Time(s): 0.0274 0.0288, Best Val loss: 1.7661, Accs: Train: 0.7000, Val: 0.3680, Test: 0.3710, Best Val: 0.3680, Best Test: 0.3710
LR: 1.000e-02/ Epoch 70, Time(s): 0.0260 0.0284, Best Val loss: 1.7840, Accs: Train: 0.8500, Val: 0.4580, Test: 0.4480, Best Val: 0.4580, Best Test: 0.4480
LR: 1.000e-02/ Epoch 80, Time(s): 0.0269 0.0268, Best Val loss: 2.0412, Accs: Train: 0.8214, Val: 0.4700, Test: 0.4580, Best Val: 0.4700, Best Test: 0.4580
LR: 1.000e-02/ Epoch 90, Time(s): 0.0284 0.0413, Best Val loss: 2.0663, Accs: Train: 0.9143, Val: 0.5020, Test: 0.5200, Best Val: 0.5020, Best Test: 0.5200
LR: 1.000e-02/ Epoch 100, Time(s): 0.0266 0.0290, Best Val loss: 1.9379, Accs: Train: 0.9429, Val: 0.5380, Test: 0.5430, Best Val: 0.5380, Best Test: 0.5430
LR: 1.000e-02/ Epoch 110, Time(s): 0.0343 0.0269, Best Val loss: 1.9379, Accs: Train: 0.9786, Val: 0.5120, Test: 0.4950, Best Val: 0.5380, Best Test: 0.5430
LR: 1.000e-02/ Epoch 120, Time(s): 0.0265 0.0273, Best Val loss: 2.2695, Accs: Train: 0.9929, Val: 0.5800, Test: 0.5470, Best Val: 0.5800, Best Test: 0.5470
LR: 1.000e-02/ Epoch 130, Time(s): 0.0262 0.0265, Best Val loss: 2.2695, Accs: Train: 0.9929, Val: 0.5480, Test: 0.5530, Best Val: 0.5800, Best Test: 0.5470
LR: 1.000e-02/ Epoch 140, Time(s): 0.0357 0.0259, Best Val loss: 2.2695, Accs: Train: 0.9929, Val: 0.5540, Test: 0.5710, Best Val: 0.5800, Best Test: 0.5470
LR: 1.000e-02/ Epoch 150, Time(s): 0.0354 0.0272, Best Val loss: 2.2695, Accs: Train: 0.9929, Val: 0.5800, Test: 0.5770, Best Val: 0.5800, Best Test: 0.5470
LR: 1.000e-02/ Epoch 160, Time(s): 0.0336 0.0231, Best Val loss: 2.9110, Accs: Train: 1.0000, Val: 0.6040, Test: 0.5910, Best Val: 0.6040, Best Test: 0.5910
LR: 1.000e-02/ Epoch 170, Time(s): 0.0240 0.0242, Best Val loss: 2.9110, Accs: Train: 0.9929, Val: 0.5840, Test: 0.5800, Best Val: 0.6040, Best Test: 0.5910
LR: 1.000e-02/ Epoch 180, Time(s): 0.0288 0.0266, Best Val loss: 2.9110, Accs: Train: 1.0000, Val: 0.6040, Test: 0.5610, Best Val: 0.6040, Best Test: 0.5910
LR: 1.000e-02/ Epoch 190, Time(s): 0.0475 0.0286, Best Val loss: 3.2121, Accs: Train: 1.0000, Val: 0.6220, Test: 0.5860, Best Val: 0.6220, Best Test: 0.5860
LR: 1.000e-02/ Epoch 200, Time(s): 0.0349 0.0266, Best Val loss: 3.2121, Accs: Train: 1.0000, Val: 0.5980, Test: 0.5600, Best Val: 0.6220, Best Test: 0.5860
LR: 1.000e-02/ Epoch 210, Time(s): 0.0290 0.0265, Best Val loss: 3.2121, Accs: Train: 1.0000, Val: 0.5980, Test: 0.5720, Best Val: 0.6220, Best Test: 0.5860
LR: 1.000e-02/ Epoch 220, Time(s): 0.0310 0.0407, Best Val loss: 3.2121, Accs: Train: 1.0000, Val: 0.5980, Test: 0.5510, Best Val: 0.6220, Best Test: 0.5860
LR: 1.000e-02/ Epoch 230, Time(s): 0.0260 0.0261, Best Val loss: 3.2121, Accs: Train: 1.0000, Val: 0.5860, Test: 0.5870, Best Val: 0.6220, Best Test: 0.5860
LR: 1.000e-02/ Epoch 240, Time(s): 0.0401 0.0230, Best Val loss: 3.2121, Accs: Train: 1.0000, Val: 0.5840, Test: 0.5820, Best Val: 0.6220, Best Test: 0.5860
LR: 1.000e-02/ Epoch 250, Time(s): 0.0265 0.0314, Best Val loss: 3.2121, Accs: Train: 1.0000, Val: 0.5600, Test: 0.5900, Best Val: 0.6220, Best Test: 0.5860
LR: 1.000e-02/ Epoch 260, Time(s): 0.0269 0.0265, Best Val loss: 3.2121, Accs: Train: 1.0000, Val: 0.5620, Test: 0.5900, Best Val: 0.6220, Best Test: 0.5860
LR: 1.000e-02/ Epoch 270, Time(s): 0.0289 0.0355, Best Val loss: 3.2121, Accs: Train: 1.0000, Val: 0.5980, Test: 0.5860, Best Val: 0.6220, Best Test: 0.5860
LR: 1.000e-02/ Epoch 280, Time(s): 0.0338 0.0272, Best Val loss: 3.2121, Accs: Train: 1.0000, Val: 0.5480, Test: 0.5790, Best Val: 0.6220, Best Test: 0.5860
LR: 1.000e-02/ Epoch 290, Time(s): 0.0264 0.0291, Best Val loss: 3.2121, Accs: Train: 0.9929, Val: 0.5800, Test: 0.5990, Best Val: 0.6220, Best Test: 0.5860
LR: 1.000e-02/ Epoch 300, Time(s): 0.0288 0.0283, Best Val loss: 3.2121, Accs: Train: 0.9929, Val: 0.5360, Test: 0.5550, Best Val: 0.6220, Best Test: 0.5860
